 
 
-------------------------------------
 These were our first trials. 
 They seemed to have too slow an initial radial velocity.
 
rstart= 546
ecc= 0.494
rdotstart = -61.6926
phidotstart = 0.205327
r*phidotstart = 112.108
Rstart=546
rmax=930.059	
Relative V= 127.962
Relative V (post OC)= 127.962
galaxy 1 moved to: ( -94.1742 | -323.5 | 0 )
galaxy 2 moved to: ( 58.4372 | 200.739 | -0 )
velocity galaxy 1: ( 77.0639 | 17.2158 | 0 )
velocity galaxy 2: ( -47.8198 | -10.6828 | -0 )

rstart= 546
ecc= 0.55
rdotstart = -68.9222
phidotstart = 0.20914
r*phidotstart = 114.19
Rstart=546
rmax=1085	
Relative V= 133.378
Relative V (post OC)= 133.378
galaxy 1 moved to: ( -64.7939 | -330.64 | 0 )
galaxy 2 moved to: ( 40.2061 | 205.169 | -0 )
velocity galaxy 1: ( 77.3288 | 28.186 | 0 )
velocity galaxy 2: ( -47.9842 | -17.4901 | -0 )

rstart= 546
ecc= 0.6
rdotstart = -71.4761
phidotstart = 0.22398
r*phidotstart = 122.293
Rstart=546
rmax=1400	
Relative V= 141.649
Relative V (post OC)= 141.649
galaxy 1 moved to: ( 14.3987 | -336.621 | 0 )
galaxy 2 moved to: ( -8.93468 | 208.881 | -0 )
velocity galaxy 1: ( 73.5114 | 47.2915 | 0 )
velocity galaxy 2: ( -45.6154 | -29.3454 | -0 )

 
 
-------------------------------------
 Trial #2
 These look much better.
 
rstart= 546
ecc= 0.8
rdotstart = -98.9388
phidotstart = 0.136176
r*phidotstart = 74.352
Rstart=546
rmax=1035	
Relative V= 123.762
Relative V (post OC)= 123.762
galaxy 1 moved to: ( -261.49 | -212.471 | 0 )
galaxy 2 moved to: ( 162.26 | 131.843 | -0 )
velocity galaxy 1: ( 76.3171 | 2.89253 | 0 )
velocity galaxy 2: ( -47.3564 | -1.79488 | -0 )

rstart= 546
ecc= 0.825
rdotstart = -106.971
phidotstart = 0.137118
r*phidotstart = 74.8666
Rstart=546
rmax=1199.29	
Relative V= 130.568
Relative V (post OC)= 130.568
galaxy 1 moved to: ( -251.415 | -224.301 | 0 )
galaxy 2 moved to: ( 156.009 | 139.184 | -0 )
velocity galaxy 1: ( 80.0127 | 9.47111 | 0 )
velocity galaxy 2: ( -49.6497 | -5.87703 | -0 )

#
#  GOOD MATCH
#
#
rstart= 546
ecc= 0.875
rdotstart = -122.546
phidotstart = 0.158731
r*phidotstart = 86.667
Rstart=546
rmax=2250	
Relative V= 150.096
Relative V (post OC)= 150.096
galaxy 1 moved to: ( -186.712 | -280.463 | 0 )
galaxy 2 moved to: ( 115.859 | 174.033 | -0 )
velocity galaxy 1: ( 86.4244 | 33.311 | 0 )
velocity galaxy 2: ( -53.6283 | -20.6702 | -0 )

 
 
-------------------------------------
 Trial #3
 Now try to find a different R_peri's.
 
rstart= 546
ecc= 0.9
rdotstart = -109.125
phidotstart = 0.220249
r*phidotstart = 120.256
Rstart=546
rmax=5415	
Relative V= 162.388
Relative V (post OC)= 162.388
galaxy 1 moved to: ( -3.08543 | -336.914 | 0 )
galaxy 2 moved to: ( 1.91457 | 209.063 | -0 )
velocity galaxy 1: ( 74.8218 | 66.6572 | 0 )
velocity galaxy 2: ( -46.4286 | -41.3623 | -0 )

rstart= 546
ecc= 0.925
rdotstart = -111.429
phidotstart = 0.221693
r*phidotstart = 121.045
Rstart=546
rmax=7315	
Relative V= 164.524
Relative V (post OC)= 164.524
galaxy 1 moved to: ( 1.75119 | -336.924 | 0 )
galaxy 2 moved to: ( -1.08665 | 209.069 | -0 )
velocity galaxy 1: ( 74.3364 | 69.1485 | 0 )
velocity galaxy 2: ( -46.1274 | -42.9082 | -0 )

#
#  GOOD MATCH
#
#
rstart= 546
ecc= 0.975
rdotstart = -115.899
phidotstart = 0.224554
r*phidotstart = 122.607
Rstart=546
rmax=22515	
Relative V= 168.716
Relative V (post OC)= 168.716
galaxy 1 moved to: ( 10.6803 | -336.759 | 0 )
galaxy 2 moved to: ( -6.62737 | 208.966 | -0 )
velocity galaxy 1: ( 73.3535 | 73.8821 | 0 )
velocity galaxy 2: ( -45.5175 | -45.8455 | -0 )

