Galaxy 1 has Scalefactor = 29.2702
Galaxy 2 has Scalefactor = 29.2702
correcting orbit for dark halo potential...
galaxy 1 moved to: ( -43.9787 | -23.7256 | 0 )
galaxy 2 moved to: ( 43.9787 | 23.7256 | -0 )
velocity galaxy 1: ( 155.367 | 32.3664 | 0 )
velocity galaxy 2: ( -155.367 | -32.3664 | -0 )

Galaxy 1 has Scalefactor = 29.2702
Galaxy 2 has Scalefactor = 29.2702
correcting orbit for dark halo potential...
galaxy 1 moved to: ( -43.9787 | -23.7256 | 0 )
galaxy 2 moved to: ( 43.9787 | 23.7256 | -0 )
velocity galaxy 1: ( 155.367 | 32.3664 | 0 )
velocity galaxy 2: ( -155.367 | -32.3664 | -0 )

Galaxy 1 has Scalefactor = 29.2702
Galaxy 2 has Scalefactor = 29.2702
correcting orbit for dark halo potential...
galaxy 1 moved to: ( -43.9787 | -23.7256 | 0 )
galaxy 2 moved to: ( 43.9787 | 23.7256 | -0 )
velocity galaxy 1: ( 155.367 | 32.3664 | 0 )
velocity galaxy 2: ( -155.367 | -32.3664 | -0 )

