Galaxy 1 has Scalefactor = 29.2996
Galaxy 2 has Scalefactor = 29.2996
correcting orbit for dark halo potential...
galaxy 1 moved to: ( -43.2383 | -24.914 | 0 )
galaxy 2 moved to: ( 43.2383 | 24.914 | -0 )
velocity galaxy 1: ( 150.295 | 34.2688 | 0 )
velocity galaxy 2: ( -150.295 | -34.2688 | -0 )

Galaxy 1 has Scalefactor = 29.2996
Galaxy 2 has Scalefactor = 29.2996
correcting orbit for dark halo potential...
galaxy 1 moved to: ( -43.2383 | -24.914 | 0 )
galaxy 2 moved to: ( 43.2383 | 24.914 | -0 )
velocity galaxy 1: ( 150.295 | 34.2688 | 0 )
velocity galaxy 2: ( -150.295 | -34.2688 | -0 )

Galaxy 1 has Scalefactor = 29.2996
Galaxy 2 has Scalefactor = 29.2996
correcting orbit for dark halo potential...
galaxy 1 moved to: ( -43.2383 | -24.914 | 0 )
galaxy 2 moved to: ( 43.2383 | 24.914 | -0 )
velocity galaxy 1: ( 150.295 | 34.2688 | 0 )
velocity galaxy 2: ( -150.295 | -34.2688 | -0 )

Galaxy 1 has Scalefactor = 29.2996
Galaxy 2 has Scalefactor = 29.2996
correcting orbit for dark halo potential...
galaxy 1 moved to: ( -43.2383 | -24.914 | 0 )
galaxy 2 moved to: ( 43.2383 | 24.914 | -0 )
velocity galaxy 1: ( 150.295 | 34.2688 | 0 )
velocity galaxy 2: ( -150.295 | -34.2688 | -0 )

Galaxy 1 has Scalefactor = 29.2996
Galaxy 2 has Scalefactor = 29.2996
correcting orbit for dark halo potential...
galaxy 1 moved to: ( -43.2383 | -24.914 | 0 )
galaxy 2 moved to: ( 43.2383 | 24.914 | -0 )
velocity galaxy 1: ( 150.295 | 34.2688 | 0 )
velocity galaxy 2: ( -150.295 | -34.2688 | -0 )

Galaxy 1 has Scalefactor = 29.2996
Galaxy 2 has Scalefactor = 29.2996
correcting orbit for dark halo potential...
galaxy 1 moved to: ( -43.2383 | -24.914 | 0 )
galaxy 2 moved to: ( 43.2383 | 24.914 | -0 )
velocity galaxy 1: ( 150.295 | 34.2688 | 0 )
velocity galaxy 2: ( -150.295 | -34.2688 | -0 )

Galaxy 1 has Scalefactor = 29.2996
Galaxy 2 has Scalefactor = 29.2996
correcting orbit for dark halo potential...
galaxy 1 moved to: ( -43.2383 | -24.914 | 0 )
galaxy 2 moved to: ( 43.2383 | 24.914 | -0 )
velocity galaxy 1: ( 150.295 | 34.2688 | 0 )
velocity galaxy 2: ( -150.295 | -34.2688 | -0 )

Galaxy 1 has Scalefactor = 29.2996
Galaxy 2 has Scalefactor = 29.2996
correcting orbit for dark halo potential...
galaxy 1 moved to: ( -43.2383 | -24.914 | 0 )
galaxy 2 moved to: ( 43.2383 | 24.914 | -0 )
velocity galaxy 1: ( 150.295 | 34.2688 | 0 )
velocity galaxy 2: ( -150.295 | -34.2688 | -0 )

Galaxy 1 has Scalefactor = 29.2996
Galaxy 2 has Scalefactor = 29.2996
correcting orbit for dark halo potential...
galaxy 1 moved to: ( -43.2383 | -24.914 | 0 )
galaxy 2 moved to: ( 43.2383 | 24.914 | -0 )
velocity galaxy 1: ( 150.295 | 34.2688 | 0 )
velocity galaxy 2: ( -150.295 | -34.2688 | -0 )

Galaxy 1 has Scalefactor = 29.2996
Galaxy 2 has Scalefactor = 29.2996
correcting orbit for dark halo potential...
galaxy 1 moved to: ( -43.2383 | -24.914 | 0 )
galaxy 2 moved to: ( 43.2383 | 24.914 | -0 )
velocity galaxy 1: ( 150.295 | 34.2688 | 0 )
velocity galaxy 2: ( -150.295 | -34.2688 | -0 )

Galaxy 1 has Scalefactor = 29.2996
Galaxy 2 has Scalefactor = 29.2996
correcting orbit for dark halo potential...
galaxy 1 moved to: ( -43.2383 | -24.914 | 0 )
galaxy 2 moved to: ( 43.2383 | 24.914 | -0 )
velocity galaxy 1: ( 150.295 | 34.2688 | 0 )
velocity galaxy 2: ( -150.295 | -34.2688 | -0 )

Galaxy 1 has Scalefactor = 29.2996
Galaxy 2 has Scalefactor = 29.2996
correcting orbit for dark halo potential...
galaxy 1 moved to: ( -43.2383 | -24.914 | 0 )
galaxy 2 moved to: ( 43.2383 | 24.914 | -0 )
velocity galaxy 1: ( 150.295 | 34.2688 | 0 )
velocity galaxy 2: ( -150.295 | -34.2688 | -0 )

Galaxy 1 has Scalefactor = 29.2996
Galaxy 2 has Scalefactor = 29.2996
correcting orbit for dark halo potential...
galaxy 1 moved to: ( -43.2383 | -24.914 | 0 )
galaxy 2 moved to: ( 43.2383 | 24.914 | -0 )
velocity galaxy 1: ( 150.295 | 34.2688 | 0 )
velocity galaxy 2: ( -150.295 | -34.2688 | -0 )

Galaxy 1 has Scalefactor = 29.2996
Galaxy 2 has Scalefactor = 29.2996
correcting orbit for dark halo potential...
galaxy 1 moved to: ( -43.2383 | -24.914 | 0 )
galaxy 2 moved to: ( 43.2383 | 24.914 | -0 )
velocity galaxy 1: ( 150.295 | 34.2688 | 0 )
velocity galaxy 2: ( -150.295 | -34.2688 | -0 )

Galaxy 1 has Scalefactor = 29.2996
Galaxy 2 has Scalefactor = 29.2996
correcting orbit for dark halo potential...
galaxy 1 moved to: ( -43.2383 | -24.914 | 0 )
galaxy 2 moved to: ( 43.2383 | 24.914 | -0 )
velocity galaxy 1: ( 150.295 | 34.2688 | 0 )
velocity galaxy 2: ( -150.295 | -34.2688 | -0 )

Galaxy 1 has Scalefactor = 29.2996
Galaxy 2 has Scalefactor = 29.2996
correcting orbit for dark halo potential...
galaxy 1 moved to: ( -43.2383 | -24.914 | 0 )
galaxy 2 moved to: ( 43.2383 | 24.914 | -0 )
velocity galaxy 1: ( 150.295 | 34.2688 | 0 )
velocity galaxy 2: ( -150.295 | -34.2688 | -0 )

Galaxy 1 has Scalefactor = 29.2996
Galaxy 2 has Scalefactor = 29.2996
correcting orbit for dark halo potential...
galaxy 1 moved to: ( -43.2383 | -24.914 | 0 )
galaxy 2 moved to: ( 43.2383 | 24.914 | -0 )
velocity galaxy 1: ( 150.295 | 34.2688 | 0 )
velocity galaxy 2: ( -150.295 | -34.2688 | -0 )

Galaxy 1 has Scalefactor = 29.2996
Galaxy 2 has Scalefactor = 29.2996
correcting orbit for dark halo potential...
galaxy 1 moved to: ( -43.2383 | -24.914 | 0 )
galaxy 2 moved to: ( 43.2383 | 24.914 | -0 )
velocity galaxy 1: ( 150.295 | 34.2688 | 0 )
velocity galaxy 2: ( -150.295 | -34.2688 | -0 )



# -------------------------------------------

# setup some different gas fraction f's


Galaxy 1 has Scalefactor = 29.2996
Galaxy 2 has Scalefactor = 29.2996
rdotstart = -37.5225
phidotstart = 6.68955e-05
r*phidotstart = 0.00668955
Relative V= 37.5306
correcting orbit for dark halo potential...
galaxy 1 moved to: ( -43.2383 | -24.914 | 0 )
galaxy 2 moved to: ( 43.2383 | 24.914 | -0 )
velocity galaxy 1: ( 150.295 | 34.2688 | 0 )
velocity galaxy 2: ( -150.295 | -34.2688 | -0 )

Galaxy 1 has Scalefactor = 29.2996
Galaxy 2 has Scalefactor = 29.2996
rdotstart = -37.5225
phidotstart = 6.68955e-05
r*phidotstart = 0.00668955
Relative V= 37.5306
correcting orbit for dark halo potential...
galaxy 1 moved to: ( -43.2383 | -24.914 | 0 )
galaxy 2 moved to: ( 43.2383 | 24.914 | -0 )
velocity galaxy 1: ( 150.295 | 34.2688 | 0 )
velocity galaxy 2: ( -150.295 | -34.2688 | -0 )

Galaxy 1 has Scalefactor = 29.2996
Galaxy 2 has Scalefactor = 29.2996
rdotstart = -37.5225
phidotstart = 6.68955e-05
r*phidotstart = 0.00668955
Relative V= 37.5306
correcting orbit for dark halo potential...
galaxy 1 moved to: ( -43.2383 | -24.914 | 0 )
galaxy 2 moved to: ( 43.2383 | 24.914 | -0 )
velocity galaxy 1: ( 150.295 | 34.2688 | 0 )
velocity galaxy 2: ( -150.295 | -34.2688 | -0 )

Galaxy 1 has Scalefactor = 29.2996
Galaxy 2 has Scalefactor = 29.2996
rdotstart = -37.5225
phidotstart = 6.68955e-05
r*phidotstart = 0.00668955
Relative V= 37.5306
correcting orbit for dark halo potential...
galaxy 1 moved to: ( -43.2383 | -24.914 | 0 )
galaxy 2 moved to: ( 43.2383 | 24.914 | -0 )
velocity galaxy 1: ( 150.295 | 34.2688 | 0 )
velocity galaxy 2: ( -150.295 | -34.2688 | -0 )

Galaxy 1 has Scalefactor = 29.2996
Galaxy 2 has Scalefactor = 29.2996
rdotstart = -37.5225
phidotstart = 6.68955e-05
r*phidotstart = 0.00668955
Relative V= 37.5306
correcting orbit for dark halo potential...
galaxy 1 moved to: ( -43.2383 | -24.914 | 0 )
galaxy 2 moved to: ( 43.2383 | 24.914 | -0 )
velocity galaxy 1: ( 150.295 | 34.2688 | 0 )
velocity galaxy 2: ( -150.295 | -34.2688 | -0 )

Galaxy 1 has Scalefactor = 29.2996
Galaxy 2 has Scalefactor = 29.2996
rdotstart = -37.5225
phidotstart = 6.68955e-05
r*phidotstart = 0.00668955
Relative V= 37.5306
correcting orbit for dark halo potential...
galaxy 1 moved to: ( -43.2383 | -24.914 | 0 )
galaxy 2 moved to: ( 43.2383 | 24.914 | -0 )
velocity galaxy 1: ( 150.295 | 34.2688 | 0 )
velocity galaxy 2: ( -150.295 | -34.2688 | -0 )

