Galaxy 1 has Scalefactor = 36.3018
Galaxy 2 has Scalefactor = 36.3018
rdotstart = -29.0508
phidotstart = 3.7553e-05
r*phidotstart = 0.00525742
Relative V= 29.0558
correcting orbit for dark halo potential...
Relative V (post OC)= 232.17
galaxy 1 moved to: ( -64.0146 | -28.1889 | 0 )
galaxy 2 moved to: ( 64.0146 | 28.1889 | -0 )
velocity galaxy 1: ( 114.367 | 19.901 | 0 )
velocity galaxy 2: ( -114.367 | -19.901 | -0 )

Galaxy 1 has Scalefactor = 36.3018
Galaxy 2 has Scalefactor = 36.3915
rdotstart = -29.0329
phidotstart = 3.74603e-05
r*phidotstart = 0.00524445
Relative V= 29.0379
correcting orbit for dark halo potential...
Relative V (post OC)= 236.645
galaxy 1 moved to: ( -63.9364 | -28.0279 | 0 )
galaxy 2 moved to: ( 63.9364 | 28.0279 | -0 )
velocity galaxy 1: ( 116.519 | 20.5808 | 0 )
velocity galaxy 2: ( -116.519 | -20.5808 | -0 )

Galaxy 1 has Scalefactor = 36.3018
Galaxy 2 has Scalefactor = 36.3627
rdotstart = -29.0386
phidotstart = 3.74901e-05
r*phidotstart = 0.00524861
Relative V= 29.0437
correcting orbit for dark halo potential...
Relative V (post OC)= 234.579
galaxy 1 moved to: ( -63.9025 | -28.1195 | 0 )
galaxy 2 moved to: ( 63.9025 | 28.1195 | -0 )
velocity galaxy 1: ( 115.516 | 20.3175 | 0 )
velocity galaxy 2: ( -115.516 | -20.3175 | -0 )

Galaxy 1 has Scalefactor = 54.8243
Galaxy 2 has Scalefactor = 54.8243
rdotstart = -38.7966
phidotstart = 2.70202e-05
r*phidotstart = 0.00486363
Relative V= 38.8011
correcting orbit for dark halo potential...
Relative V (post OC)= 330.061
galaxy 1 moved to: ( -83.7234 | -32.6809 | 0 )
galaxy 2 moved to: ( 83.7234 | 32.6809 | -0 )
velocity galaxy 1: ( 163.06 | 25.4284 | 0 )
velocity galaxy 2: ( -163.06 | -25.4284 | -0 )

Galaxy 1 has Scalefactor = 54.8243
Galaxy 2 has Scalefactor = 52.5484
rdotstart = -39.2056
phidotstart = 2.81777e-05
r*phidotstart = 0.00507199
Relative V= 39.2102
correcting orbit for dark halo potential...
Relative V (post OC)= 340.916
galaxy 1 moved to: ( -84.0026 | -31.8003 | 0 )
galaxy 2 moved to: ( 84.0026 | 31.8003 | -0 )
velocity galaxy 1: ( 168.51 | 25.6978 | 0 )
velocity galaxy 2: ( -168.51 | -25.6978 | -0 )

Galaxy 1 has Scalefactor = 54.8243
Galaxy 2 has Scalefactor = 53.5497
rdotstart = -39.0241
phidotstart = 2.76594e-05
r*phidotstart = 0.0049787
Relative V= 39.0286
correcting orbit for dark halo potential...
Relative V (post OC)= 332.169
galaxy 1 moved to: ( -83.9722 | -32.3612 | 0 )
galaxy 2 moved to: ( 83.9722 | 32.3612 | -0 )
velocity galaxy 1: ( 164.168 | 25.1592 | 0 )
velocity galaxy 2: ( -164.168 | -25.1592 | -0 )

Galaxy 1 has Scalefactor = 75.958
Galaxy 2 has Scalefactor = 54.8243
rdotstart = -48.8442
phidotstart = 2.61144e-05
r*phidotstart = 0.00574516
Relative V= 48.8489
correcting orbit for dark halo potential...
Relative V (post OC)= 412.551
galaxy 1 moved to: ( -54.874 | -18.9856 | 0 )
galaxy 2 moved to: ( 152.6 | 52.7975 | -0 )
velocity galaxy 1: ( 108.084 | 14.9601 | 0 )
velocity galaxy 2: ( -300.571 | -41.6027 | -0 )

Galaxy 1 has Scalefactor = 75.958
Galaxy 2 has Scalefactor = 75.958
rdotstart = -54.9669
phidotstart = 2.34737e-05
r*phidotstart = 0.0051642
Relative V= 54.9715
correcting orbit for dark halo potential...
Relative V (post OC)= 486.135
galaxy 1 moved to: ( -103.536 | -36.3141 | 0 )
galaxy 2 moved to: ( 103.536 | 36.3141 | -0 )
velocity galaxy 1: ( 240.827 | 32.9265 | 0 )
velocity galaxy 2: ( -240.827 | -32.9265 | -0 )

Galaxy 1 has Scalefactor = 75.958
Galaxy 2 has Scalefactor = 75.9335
rdotstart = -54.9714
phidotstart = 2.34812e-05
r*phidotstart = 0.00516587
Relative V= 54.9759
correcting orbit for dark halo potential...
Relative V (post OC)= 532.649
galaxy 1 moved to: ( -104.454 | -34.4297 | 0 )
galaxy 2 moved to: ( 104.454 | 34.4297 | -0 )
velocity galaxy 1: ( 263.894 | 35.8957 | 0 )
velocity galaxy 2: ( -263.894 | -35.8957 | -0 )

Galaxy 1 has Scalefactor = 74.9842
Galaxy 2 has Scalefactor = 75.4685
rdotstart = -55.2335
phidotstart = 2.39325e-05
r*phidotstart = 0.00526514
Relative V= 55.2382
correcting orbit for dark halo potential...
Relative V (post OC)= 525.29
galaxy 1 moved to: ( -104.114 | -34.5308 | 0 )
galaxy 2 moved to: ( 104.114 | 34.5308 | -0 )
velocity galaxy 1: ( 260.293 | 35.0747 | 0 )
velocity galaxy 2: ( -260.293 | -35.0747 | -0 )

Galaxy 1 has Scalefactor = 54.8243
Galaxy 2 has Scalefactor = 52.5716
rdotstart = -39.2013
phidotstart = 2.81656e-05
r*phidotstart = 0.0050698
Relative V= 39.2059
correcting orbit for dark halo potential...
Relative V (post OC)= 324.517
galaxy 1 moved to: ( -83.7776 | -32.5588 | 0 )
galaxy 2 moved to: ( 83.7776 | 32.5588 | -0 )
velocity galaxy 1: ( 160.45 | 24.1599 | 0 )
velocity galaxy 2: ( -160.45 | -24.1599 | -0 )

Galaxy 1 has Scalefactor = 75.958
Galaxy 2 has Scalefactor = 54.8243
rdotstart = -48.8442
phidotstart = 2.61144e-05
r*phidotstart = 0.00574516
Relative V= 48.8489
correcting orbit for dark halo potential...
Relative V (post OC)= 412.551
galaxy 1 moved to: ( -54.874 | -18.9856 | 0 )
galaxy 2 moved to: ( 152.6 | 52.7975 | -0 )
velocity galaxy 1: ( 108.084 | 14.9601 | 0 )
velocity galaxy 2: ( -300.571 | -41.6027 | -0 )

Galaxy 1 has Scalefactor = 75.958
Galaxy 2 has Scalefactor = 75.958
rdotstart = -54.9669
phidotstart = 2.34737e-05
r*phidotstart = 0.0051642
Relative V= 54.9715
correcting orbit for dark halo potential...
Relative V (post OC)= 486.135
galaxy 1 moved to: ( -103.536 | -36.3141 | 0 )
galaxy 2 moved to: ( 103.536 | 36.3141 | -0 )
velocity galaxy 1: ( 240.827 | 32.9265 | 0 )
velocity galaxy 2: ( -240.827 | -32.9265 | -0 )

