Galaxy 1 has Scalefactor = 34.8334
Galaxy 2 has Scalefactor = 34.8334
correcting orbit for dark halo potential...
galaxy 1 moved to: ( -43.7581 | -23.9092 | 0 )
galaxy 2 moved to: ( 43.7581 | 23.9092 | -0 )
velocity galaxy 1: ( 163.834 | 37.8076 | 0 )
velocity galaxy 2: ( -163.834 | -37.8076 | -0 )

Galaxy 1 has Scalefactor = 25.4097
Galaxy 2 has Scalefactor = 25.4097
correcting orbit for dark halo potential...
galaxy 1 moved to: ( -44.0999 | -23.4489 | 0 )
galaxy 2 moved to: ( 44.0999 | 23.4489 | -0 )
velocity galaxy 1: ( 159.884 | 33.7045 | 0 )
velocity galaxy 2: ( -159.884 | -33.7045 | -0 )

Galaxy 1 has Scalefactor = 43.3044
Galaxy 2 has Scalefactor = 43.3044
correcting orbit for dark halo potential...
galaxy 1 moved to: ( -42.3796 | -26.4125 | 0 )
galaxy 2 moved to: ( 42.3796 | 26.4125 | -0 )
velocity galaxy 1: ( 134.563 | 30.4723 | 0 )
velocity galaxy 2: ( -134.563 | -30.4723 | -0 )

Galaxy 1 has Scalefactor = 22.3833
Galaxy 2 has Scalefactor = 22.3833
correcting orbit for dark halo potential...
galaxy 1 moved to: ( -44.2531 | -23.2489 | 0 )
galaxy 2 moved to: ( 44.2531 | 23.2489 | -0 )
velocity galaxy 1: ( 163.091 | 34.55 | 0 )
velocity galaxy 2: ( -163.091 | -34.55 | -0 )

