
# cvc3vc3b
# ------------

Galaxy 1 has Scalefactor = 29.2702
Galaxy 2 has Scalefactor = 29.2702
correcting orbit for dark halo potential...
galaxy 1 moved to: ( -43.9787 | -23.7256 | 0 )
galaxy 2 moved to: ( 43.9787 | 23.7256 | -0 )
velocity galaxy 1: ( 155.367 | 32.3664 | 0 )
velocity galaxy 2: ( -155.367 | -32.3664 | -0 )



# all the rest
; ---------------

Galaxy 1 has Scalefactor = 29.2702
Galaxy 2 has Scalefactor = 29.2702
correcting orbit for dark halo potential...
galaxy 1 moved to: ( -43.9787 | -23.7256 | 0 )
galaxy 2 moved to: ( 43.9787 | 23.7256 | -0 )
velocity galaxy 1: ( 155.367 | 32.3664 | 0 )
velocity galaxy 2: ( -155.367 | -32.3664 | -0 )

Galaxy 1 has Scalefactor = 29.2702
Galaxy 2 has Scalefactor = 29.2702
correcting orbit for dark halo potential...
galaxy 1 moved to: ( -43.9787 | -23.7256 | 0 )
galaxy 2 moved to: ( 43.9787 | 23.7256 | -0 )
velocity galaxy 1: ( 155.367 | 32.3664 | 0 )
velocity galaxy 2: ( -155.367 | -32.3664 | -0 )

Galaxy 1 has Scalefactor = 29.2702
Galaxy 2 has Scalefactor = 29.2702
correcting orbit for dark halo potential...
galaxy 1 moved to: ( -43.9787 | -23.7256 | 0 )
galaxy 2 moved to: ( 43.9787 | 23.7256 | -0 )
velocity galaxy 1: ( 155.367 | 32.3664 | 0 )
velocity galaxy 2: ( -155.367 | -32.3664 | -0 )

Galaxy 1 has Scalefactor = 29.2702
Galaxy 2 has Scalefactor = 29.2702
correcting orbit for dark halo potential...
galaxy 1 moved to: ( -43.9787 | -23.7256 | 0 )
galaxy 2 moved to: ( 43.9787 | 23.7256 | -0 )
velocity galaxy 1: ( 155.367 | 32.3664 | 0 )
velocity galaxy 2: ( -155.367 | -32.3664 | -0 )

Galaxy 1 has Scalefactor = 29.2702
Galaxy 2 has Scalefactor = 29.2702
correcting orbit for dark halo potential...
galaxy 1 moved to: ( -43.9787 | -23.7256 | 0 )
galaxy 2 moved to: ( 43.9787 | 23.7256 | -0 )
velocity galaxy 1: ( 155.367 | 32.3664 | 0 )
velocity galaxy 2: ( -155.367 | -32.3664 | -0 )

Galaxy 1 has Scalefactor = 29.2702
Galaxy 2 has Scalefactor = 29.2702
correcting orbit for dark halo potential...
galaxy 1 moved to: ( -43.9787 | -23.7256 | 0 )
galaxy 2 moved to: ( 43.9787 | 23.7256 | -0 )
velocity galaxy 1: ( 155.367 | 32.3664 | 0 )
velocity galaxy 2: ( -155.367 | -32.3664 | -0 )

Galaxy 1 has Scalefactor = 29.2702
Galaxy 2 has Scalefactor = 29.2702
correcting orbit for dark halo potential...
galaxy 1 moved to: ( -43.9787 | -23.7256 | 0 )
galaxy 2 moved to: ( 43.9787 | 23.7256 | -0 )
velocity galaxy 1: ( 155.367 | 32.3664 | 0 )
velocity galaxy 2: ( -155.367 | -32.3664 | -0 )

Galaxy 1 has Scalefactor = 29.2702
Galaxy 2 has Scalefactor = 29.2702
correcting orbit for dark halo potential...
galaxy 1 moved to: ( -43.9787 | -23.7256 | 0 )
galaxy 2 moved to: ( 43.9787 | 23.7256 | -0 )
velocity galaxy 1: ( 155.367 | 32.3664 | 0 )
velocity galaxy 2: ( -155.367 | -32.3664 | -0 )

Galaxy 1 has Scalefactor = 29.2702
Galaxy 2 has Scalefactor = 29.2702
correcting orbit for dark halo potential...
galaxy 1 moved to: ( -43.9787 | -23.7256 | 0 )
galaxy 2 moved to: ( 43.9787 | 23.7256 | -0 )
velocity galaxy 1: ( 155.367 | 32.3664 | 0 )
velocity galaxy 2: ( -155.367 | -32.3664 | -0 )

Galaxy 1 has Scalefactor = 29.2702
Galaxy 2 has Scalefactor = 29.2702
correcting orbit for dark halo potential...
galaxy 1 moved to: ( -43.9787 | -23.7256 | 0 )
galaxy 2 moved to: ( 43.9787 | 23.7256 | -0 )
velocity galaxy 1: ( 155.367 | 32.3664 | 0 )
velocity galaxy 2: ( -155.367 | -32.3664 | -0 )

Galaxy 1 has Scalefactor = 29.2702
Galaxy 2 has Scalefactor = 29.2702
correcting orbit for dark halo potential...
galaxy 1 moved to: ( -43.9787 | -23.7256 | 0 )
galaxy 2 moved to: ( 43.9787 | 23.7256 | -0 )
velocity galaxy 1: ( 155.367 | 32.3664 | 0 )
velocity galaxy 2: ( -155.367 | -32.3664 | -0 )

Galaxy 1 has Scalefactor = 29.2702
Galaxy 2 has Scalefactor = 29.2702
correcting orbit for dark halo potential...
galaxy 1 moved to: ( -43.9787 | -23.7256 | 0 )
galaxy 2 moved to: ( 43.9787 | 23.7256 | -0 )
velocity galaxy 1: ( 155.367 | 32.3664 | 0 )
velocity galaxy 2: ( -155.367 | -32.3664 | -0 )

Galaxy 1 has Scalefactor = 29.2702
Galaxy 2 has Scalefactor = 29.2702
correcting orbit for dark halo potential...
galaxy 1 moved to: ( -43.9787 | -23.7256 | 0 )
galaxy 2 moved to: ( 43.9787 | 23.7256 | -0 )
velocity galaxy 1: ( 155.367 | 32.3664 | 0 )
velocity galaxy 2: ( -155.367 | -32.3664 | -0 )

Galaxy 1 has Scalefactor = 29.2702
Galaxy 2 has Scalefactor = 29.2702
correcting orbit for dark halo potential...
galaxy 1 moved to: ( -43.9787 | -23.7256 | 0 )
galaxy 2 moved to: ( 43.9787 | 23.7256 | -0 )
velocity galaxy 1: ( 155.367 | 32.3664 | 0 )
velocity galaxy 2: ( -155.367 | -32.3664 | -0 )



#  collisionless vc0-2 (bulgeless), vc3-vc6 (bulge)
# --------------------------------------------------


Galaxy 1 has Scalefactor = 10.2723
Galaxy 2 has Scalefactor = 10.2723
correcting orbit for dark halo potential...
galaxy 1 moved to: ( -44.6271 | -22.3718 | 0 )
galaxy 2 moved to: ( 44.6271 | 22.3718 | -0 )
velocity galaxy 1: ( 37.6261 | 8.36338 | 0 )
velocity galaxy 2: ( -37.6261 | -8.36338 | -0 )

Galaxy 1 has Scalefactor = 14.6747
Galaxy 2 has Scalefactor = 14.6747
correcting orbit for dark halo potential...
galaxy 1 moved to: ( -44.4291 | -22.7595 | 0 )
galaxy 2 moved to: ( 44.4291 | 22.7595 | -0 )
velocity galaxy 1: ( 61.2477 | 13.3689 | 0 )
velocity galaxy 2: ( -61.2477 | -13.3689 | -0 )

Galaxy 1 has Scalefactor = 20.728
Galaxy 2 has Scalefactor = 20.728
correcting orbit for dark halo potential...
galaxy 1 moved to: ( -44.176 | -23.1201 | 0 )
galaxy 2 moved to: ( 44.176 | 23.1201 | -0 )
velocity galaxy 1: ( 98.8014 | 21.3081 | 0 )
velocity galaxy 2: ( -98.8014 | -21.3081 | -0 )

Galaxy 1 has Scalefactor = 41.3845
Galaxy 2 has Scalefactor = 41.3845
correcting orbit for dark halo potential...
galaxy 1 moved to: ( -43.3281 | -24.8689 | 0 )
galaxy 2 moved to: ( 43.3281 | 24.8689 | -0 )
velocity galaxy 1: ( 239.701 | 49.9111 | 0 )
velocity galaxy 2: ( -239.701 | -49.9111 | -0 )

Galaxy 1 has Scalefactor = 58.5976
Galaxy 2 has Scalefactor = 58.5976
correcting orbit for dark halo potential...
galaxy 1 moved to: ( -42.8324 | -25.6272 | 0 )
galaxy 2 moved to: ( 42.8324 | 25.6272 | -0 )
velocity galaxy 1: ( 371.021 | 72.5673 | 0 )
velocity galaxy 2: ( -371.021 | -72.5673 | -0 )

Galaxy 1 has Scalefactor = 91.5587
Galaxy 2 has Scalefactor = 91.5587
correcting orbit for dark halo potential...
galaxy 1 moved to: ( -40.7949 | -28.8303 | 0 )
galaxy 2 moved to: ( 40.7949 | 28.8303 | -0 )
velocity galaxy 1: ( 612.943 | 126.765 | 0 )
velocity galaxy 2: ( -612.943 | -126.765 | -0 )

Galaxy 1 has Scalefactor = 10.2723
Galaxy 2 has Scalefactor = 10.2723
correcting orbit for dark halo potential...
galaxy 1 moved to: ( -44.6271 | -22.3718 | 0 )
galaxy 2 moved to: ( 44.6271 | 22.3718 | -0 )
velocity galaxy 1: ( 37.626 | 8.36338 | 0 )
velocity galaxy 2: ( -37.626 | -8.36338 | -0 )

Galaxy 1 has Scalefactor = 14.6747
Galaxy 2 has Scalefactor = 14.6747
correcting orbit for dark halo potential...
galaxy 1 moved to: ( -44.4293 | -22.7596 | 0 )
galaxy 2 moved to: ( 44.4293 | 22.7596 | -0 )
velocity galaxy 1: ( 61.2475 | 13.3688 | 0 )
velocity galaxy 2: ( -61.2475 | -13.3688 | -0 )

Galaxy 1 has Scalefactor = 20.728
Galaxy 2 has Scalefactor = 20.728
correcting orbit for dark halo potential...
galaxy 1 moved to: ( -44.176 | -23.1201 | 0 )
galaxy 2 moved to: ( 44.176 | 23.1201 | -0 )
velocity galaxy 1: ( 98.8014 | 21.3081 | 0 )
velocity galaxy 2: ( -98.8014 | -21.3081 | -0 )

Galaxy 1 has Scalefactor = 41.3845
Galaxy 2 has Scalefactor = 41.3845
correcting orbit for dark halo potential...
galaxy 1 moved to: ( -43.3281 | -24.8689 | 0 )
galaxy 2 moved to: ( 43.3281 | 24.8689 | -0 )
velocity galaxy 1: ( 239.701 | 49.9111 | 0 )
velocity galaxy 2: ( -239.701 | -49.9111 | -0 )

Galaxy 1 has Scalefactor = 58.5975
Galaxy 2 has Scalefactor = 58.5976
correcting orbit for dark halo potential...
galaxy 1 moved to: ( -42.8324 | -25.6272 | 0 )
galaxy 2 moved to: ( 42.8324 | 25.6272 | -0 )
velocity galaxy 1: ( 371.021 | 72.5673 | 0 )
velocity galaxy 2: ( -371.021 | -72.5673 | -0 )

Galaxy 1 has Scalefactor = 91.5587
Galaxy 2 has Scalefactor = 91.5587
correcting orbit for dark halo potential...
galaxy 1 moved to: ( -40.795 | -28.8303 | 0 )
galaxy 2 moved to: ( 40.795 | 28.8303 | -0 )
velocity galaxy 1: ( 612.943 | 126.765 | 0 )
velocity galaxy 2: ( -612.943 | -126.765 | -0 )

Galaxy 1 has Scalefactor = 29.2988
Galaxy 2 has Scalefactor = 29.2988
correcting orbit for dark halo potential...
galaxy 1 moved to: ( -43.8973 | -23.9135 | 0 )
galaxy 2 moved to: ( 43.8973 | 23.9135 | -0 )
velocity galaxy 1: ( 152.461 | 31.5089 | 0 )
velocity galaxy 2: ( -152.461 | -31.5089 | -0 )

Galaxy 1 has Scalefactor = 29.2988
Galaxy 2 has Scalefactor = 29.2988
correcting orbit for dark halo potential...
galaxy 1 moved to: ( -43.8973 | -23.9135 | 0 )
galaxy 2 moved to: ( 43.8973 | 23.9135 | -0 )
velocity galaxy 1: ( 152.461 | 31.5089 | 0 )
velocity galaxy 2: ( -152.461 | -31.5089 | -0 )




# ------------------------------------------

# more collisionless vc's, small ones, with
# a bulge


Galaxy 1 has Scalefactor = 10.2723
Galaxy 2 has Scalefactor = 10.2723
correcting orbit for dark halo potential...
galaxy 1 moved to: ( -44.679 | -22.4406 | 0 )
galaxy 2 moved to: ( 44.679 | 22.4406 | -0 )
velocity galaxy 1: ( 37.3469 | 8.27137 | 0 )
velocity galaxy 2: ( -37.3469 | -8.27137 | -0 )

Galaxy 1 has Scalefactor = 14.6747
Galaxy 2 has Scalefactor = 14.6747
correcting orbit for dark halo potential...
galaxy 1 moved to: ( -44.4346 | -22.7579 | 0 )
galaxy 2 moved to: ( 44.4346 | 22.7579 | -0 )
velocity galaxy 1: ( 61.3543 | 13.4196 | 0 )
velocity galaxy 2: ( -61.3543 | -13.4196 | -0 )

Galaxy 1 has Scalefactor = 20.728
Galaxy 2 has Scalefactor = 20.728
correcting orbit for dark halo potential...
galaxy 1 moved to: ( -44.2563 | -23.093 | 0 )
galaxy 2 moved to: ( 44.2563 | 23.093 | -0 )
velocity galaxy 1: ( 98.3967 | 20.9977 | 0 )
velocity galaxy 2: ( -98.3967 | -20.9977 | -0 )

Galaxy 1 has Scalefactor = 10.2723
Galaxy 2 has Scalefactor = 10.2723
correcting orbit for dark halo potential...
galaxy 1 moved to: ( -44.679 | -22.4406 | 0 )
galaxy 2 moved to: ( 44.679 | 22.4406 | -0 )
velocity galaxy 1: ( 37.3469 | 8.27137 | 0 )
velocity galaxy 2: ( -37.3469 | -8.27137 | -0 )

Galaxy 1 has Scalefactor = 14.6747
Galaxy 2 has Scalefactor = 14.6747
correcting orbit for dark halo potential...
galaxy 1 moved to: ( -44.4346 | -22.7579 | 0 )
galaxy 2 moved to: ( 44.4346 | 22.7579 | -0 )
velocity galaxy 1: ( 61.3543 | 13.4196 | 0 )
velocity galaxy 2: ( -61.3543 | -13.4196 | -0 )

Galaxy 1 has Scalefactor = 20.728
Galaxy 2 has Scalefactor = 20.728
correcting orbit for dark halo potential...
galaxy 1 moved to: ( -44.2563 | -23.093 | 0 )
galaxy 2 moved to: ( 44.2563 | 23.093 | -0 )
velocity galaxy 1: ( 98.3967 | 20.9977 | 0 )
velocity galaxy 2: ( -98.3967 | -20.9977 | -0 )




# ---------------------------------------------

# larger collisionless vc's  (without bulges)


Galaxy 1 has Scalefactor = 41.3845
Galaxy 2 has Scalefactor = 41.3845
correcting orbit for dark halo potential...
galaxy 1 moved to: ( -43.5091 | -24.6259 | 0 )
galaxy 2 moved to: ( 43.5091 | 24.6259 | -0 )
velocity galaxy 1: ( 240.064 | 48.57 | 0 )
velocity galaxy 2: ( -240.064 | -48.57 | -0 )

Galaxy 1 has Scalefactor = 58.5976
Galaxy 2 has Scalefactor = 58.5976
correcting orbit for dark halo potential...
galaxy 1 moved to: ( -43.0929 | -25.2029 | 0 )
galaxy 2 moved to: ( 43.0929 | 25.2029 | -0 )
velocity galaxy 1: ( 383.093 | 75.5355 | 0 )
velocity galaxy 2: ( -383.093 | -75.5355 | -0 )

Galaxy 1 has Scalefactor = 91.5587
Galaxy 2 has Scalefactor = 91.5587
correcting orbit for dark halo potential...
galaxy 1 moved to: ( -42.4372 | -26.3944 | 0 )
galaxy 2 moved to: ( 42.4372 | 26.3944 | -0 )
velocity galaxy 1: ( 654.07 | 112.255 | 0 )
velocity galaxy 2: ( -654.07 | -112.255 | -0 )

Galaxy 1 has Scalefactor = 41.3845
Galaxy 2 has Scalefactor = 41.3845
correcting orbit for dark halo potential...
galaxy 1 moved to: ( -43.5091 | -24.6259 | 0 )
galaxy 2 moved to: ( 43.5091 | 24.6259 | -0 )
velocity galaxy 1: ( 240.064 | 48.57 | 0 )
velocity galaxy 2: ( -240.064 | -48.57 | -0 )

Galaxy 1 has Scalefactor = 58.5975
Galaxy 2 has Scalefactor = 58.5976
correcting orbit for dark halo potential...
galaxy 1 moved to: ( -43.0929 | -25.2029 | 0 )
galaxy 2 moved to: ( 43.0929 | 25.2029 | -0 )
velocity galaxy 1: ( 383.093 | 75.5355 | 0 )
velocity galaxy 2: ( -383.093 | -75.5355 | -0 )

Galaxy 1 has Scalefactor = 91.5587
Galaxy 2 has Scalefactor = 91.5587
correcting orbit for dark halo potential...
galaxy 1 moved to: ( -42.4373 | -26.3944 | 0 )
galaxy 2 moved to: ( 42.4373 | 26.3944 | -0 )
velocity galaxy 1: ( 654.07 | 112.255 | 0 )
velocity galaxy 2: ( -654.07 | -112.255 | -0 )





# -------------------------------------------

# collisionless vc3's with various orbits
#  this is for the h-orientation



Galaxy 1 has Scalefactor = 29.2702
Galaxy 2 has Scalefactor = 29.2702
correcting orbit for dark halo potential...
galaxy 1 moved to: ( -46.9968 | -16.9923 | 0 )
galaxy 2 moved to: ( 46.9968 | 16.9923 | -0 )
velocity galaxy 1: ( 157.57 | 22.9267 | 0 )
velocity galaxy 2: ( -157.57 | -22.9267 | -0 )

Galaxy 1 has Scalefactor = 29.2702
Galaxy 2 has Scalefactor = 29.2702
correcting orbit for dark halo potential...
galaxy 1 moved to: ( -35.433 | -35.1806 | 0 )
galaxy 2 moved to: ( 35.433 | 35.1806 | -0 )
velocity galaxy 1: ( 137.2 | 45.9115 | 0 )
velocity galaxy 2: ( -137.2 | -45.9115 | -0 )

Galaxy 1 has Scalefactor = 29.2702
Galaxy 2 has Scalefactor = 29.2702
correcting orbit for dark halo potential...
galaxy 1 moved to: ( -32.0005 | -38.2734 | 0 )
galaxy 2 moved to: ( 32.0005 | 38.2734 | -0 )
velocity galaxy 1: ( 153.524 | 61.1457 | 0 )
velocity galaxy 2: ( -153.524 | -61.1457 | -0 )

Galaxy 1 has Scalefactor = 29.2702
Galaxy 2 has Scalefactor = 29.2702
correcting orbit for dark halo potential...
galaxy 1 moved to: ( -23.6196 | -44.0314 | 0 )
galaxy 2 moved to: ( 23.6196 | 44.0314 | -0 )
velocity galaxy 1: ( 143.997 | 76.8393 | 0 )
velocity galaxy 2: ( -143.997 | -76.8393 | -0 )

Galaxy 1 has Scalefactor = 29.2702
Galaxy 2 has Scalefactor = 29.2702
correcting orbit for dark halo potential...
galaxy 1 moved to: ( 0.977757 | -49.9224 | 0 )
galaxy 2 moved to: ( -0.977757 | 49.9224 | -0 )
velocity galaxy 1: ( 126.327 | 95.5687 | 0 )
velocity galaxy 2: ( -126.327 | -95.5687 | -0 )

Galaxy 1 has Scalefactor = 29.2702
Galaxy 2 has Scalefactor = 29.2702
correcting orbit for dark halo potential...
galaxy 1 moved to: ( -12.958 | -48.1905 | 0 )
galaxy 2 moved to: ( 12.958 | 48.1905 | -0 )
velocity galaxy 1: ( 136.786 | 80.9715 | 0 )
velocity galaxy 2: ( -136.786 | -80.9715 | -0 )

