Galaxy 1 has Scalefactor = 10.2548
Galaxy 2 has Scalefactor = 10.2548
rdotstart = -13.1325
phidotstart = 7.15143e-05
r*phidotstart = 0.00357571
Relative V= 13.1357
correcting orbit for dark halo potential...
galaxy 1 moved to: ( -22.7038 | -10.4004 | 0 )
galaxy 2 moved to: ( 22.7038 | 10.4004 | -0 )
velocity galaxy 1: ( 48.9571 | 9.37496 | 0 )
velocity galaxy 2: ( -48.9571 | -9.37496 | -0 )

Galaxy 1 has Scalefactor = 14.6498
Galaxy 2 has Scalefactor = 14.6498
rdotstart = -18.7604
phidotstart = 7.32803e-05
r*phidotstart = 0.00586242
Relative V= 18.7653
correcting orbit for dark halo potential...
galaxy 1 moved to: ( -36.2206 | -16.8953 | 0 )
galaxy 2 moved to: ( 36.2206 | 16.8953 | -0 )
velocity galaxy 1: ( 66.1926 | 13.7676 | 0 )
velocity galaxy 2: ( -66.1926 | -13.7676 | -0 )

Galaxy 1 has Scalefactor = 21.0591
Galaxy 2 has Scalefactor = 21.0591
rdotstart = -26.9686
phidotstart = 7.05753e-05
r*phidotstart = 0.00776328
Relative V= 26.9751
correcting orbit for dark halo potential...
galaxy 1 moved to: ( -49.8929 | -22.9545 | 0 )
galaxy 2 moved to: ( 49.8929 | 22.9545 | -0 )
velocity galaxy 1: ( 92.3314 | 17.7617 | 0 )
velocity galaxy 2: ( -92.3314 | -17.7617 | -0 )

Galaxy 1 has Scalefactor = 40.2869
Galaxy 2 has Scalefactor = 40.2869
rdotstart = -51.5916
phidotstart = 7.21614e-05
r*phidotstart = 0.0108242
Relative V= 51.6045
correcting orbit for dark halo potential...
galaxy 1 moved to: ( -65.4943 | -36.4474 | 0 )
galaxy 2 moved to: ( 65.4943 | 36.4474 | -0 )
velocity galaxy 1: ( 205.959 | 44.1554 | 0 )
velocity galaxy 2: ( -205.959 | -44.1554 | -0 )

Galaxy 1 has Scalefactor = 58.5991
Galaxy 2 has Scalefactor = 58.5991
rdotstart = -75.045
phidotstart = 6.68955e-05
r*phidotstart = 0.0167239
Relative V= 75.0611
correcting orbit for dark halo potential...
galaxy 1 moved to: ( -113.089 | -53.1242 | 0 )
galaxy 2 moved to: ( 113.089 | 53.1242 | -0 )
velocity galaxy 1: ( 286.882 | 54.7306 | 0 )
velocity galaxy 2: ( -286.882 | -54.7306 | -0 )

Galaxy 1 has Scalefactor = 91.5611
Galaxy 2 has Scalefactor = 91.5611
rdotstart = -117.259
phidotstart = 6.55439e-05
r*phidotstart = 0.0229404
Relative V= 117.283
correcting orbit for dark halo potential...
galaxy 1 moved to: ( -157.119 | -76.8421 | 0 )
galaxy 2 moved to: ( 157.119 | 76.8421 | -0 )
velocity galaxy 1: ( 467.416 | 90.8015 | 0 )
velocity galaxy 2: ( -467.416 | -90.8015 | -0 )

Galaxy 1 has Scalefactor = 10.2548
Galaxy 2 has Scalefactor = 10.2548
rdotstart = -13.1325
phidotstart = 7.15143e-05
r*phidotstart = 0.00357571
Relative V= 13.1357
correcting orbit for dark halo potential...
galaxy 1 moved to: ( -22.7038 | -10.4004 | 0 )
galaxy 2 moved to: ( 22.7038 | 10.4004 | -0 )
velocity galaxy 1: ( 48.9571 | 9.37496 | 0 )
velocity galaxy 2: ( -48.9571 | -9.37496 | -0 )

Galaxy 1 has Scalefactor = 14.6498
Galaxy 2 has Scalefactor = 14.6498
rdotstart = -18.7604
phidotstart = 7.32803e-05
r*phidotstart = 0.00586242
Relative V= 18.7653
correcting orbit for dark halo potential...
galaxy 1 moved to: ( -36.2206 | -16.8953 | 0 )
galaxy 2 moved to: ( 36.2206 | 16.8953 | -0 )
velocity galaxy 1: ( 66.1926 | 13.7676 | 0 )
velocity galaxy 2: ( -66.1926 | -13.7676 | -0 )

Galaxy 1 has Scalefactor = 21.0591
Galaxy 2 has Scalefactor = 21.0591
rdotstart = -26.9686
phidotstart = 7.05753e-05
r*phidotstart = 0.00776328
Relative V= 26.9751
correcting orbit for dark halo potential...
galaxy 1 moved to: ( -49.8929 | -22.9545 | 0 )
galaxy 2 moved to: ( 49.8929 | 22.9545 | -0 )
velocity galaxy 1: ( 92.3314 | 17.7617 | 0 )
velocity galaxy 2: ( -92.3314 | -17.7617 | -0 )

Galaxy 1 has Scalefactor = 40.2869
Galaxy 2 has Scalefactor = 40.2869
rdotstart = -51.5916
phidotstart = 7.21614e-05
r*phidotstart = 0.0108242
Relative V= 51.6045
correcting orbit for dark halo potential...
galaxy 1 moved to: ( -65.4943 | -36.4474 | 0 )
galaxy 2 moved to: ( 65.4943 | 36.4474 | -0 )
velocity galaxy 1: ( 205.959 | 44.1554 | 0 )
velocity galaxy 2: ( -205.959 | -44.1554 | -0 )

Galaxy 1 has Scalefactor = 58.5991
Galaxy 2 has Scalefactor = 58.5991
rdotstart = -75.045
phidotstart = 6.68955e-05
r*phidotstart = 0.0167239
Relative V= 75.0611
correcting orbit for dark halo potential...
galaxy 1 moved to: ( -113.089 | -53.1242 | 0 )
galaxy 2 moved to: ( 113.089 | 53.1242 | -0 )
velocity galaxy 1: ( 286.882 | 54.7306 | 0 )
velocity galaxy 2: ( -286.882 | -54.7306 | -0 )

Galaxy 1 has Scalefactor = 91.5611
Galaxy 2 has Scalefactor = 91.5611
rdotstart = -117.259
phidotstart = 6.55439e-05
r*phidotstart = 0.0229404
Relative V= 117.283
correcting orbit for dark halo potential...
galaxy 1 moved to: ( -157.119 | -76.8421 | 0 )
galaxy 2 moved to: ( 157.119 | 76.8421 | -0 )
velocity galaxy 1: ( 467.416 | 90.8015 | 0 )
velocity galaxy 2: ( -467.416 | -90.8015 | -0 )



# ---------------------------------------------

# some f, and k's with corrected orbits


Galaxy 1 has Scalefactor = 10.2548
Galaxy 2 has Scalefactor = 10.2548
rdotstart = -13.1325
phidotstart = 7.15143e-05
r*phidotstart = 0.00357571
Relative V= 13.1357
correcting orbit for dark halo potential...
galaxy 1 moved to: ( -22.7038 | -10.4004 | 0 )
galaxy 2 moved to: ( 22.7038 | 10.4004 | -0 )
velocity galaxy 1: ( 48.9571 | 9.37496 | 0 )
velocity galaxy 2: ( -48.9571 | -9.37496 | -0 )

Galaxy 1 has Scalefactor = 14.6498
Galaxy 2 has Scalefactor = 14.6498
rdotstart = -18.7604
phidotstart = 7.32803e-05
r*phidotstart = 0.00586242
Relative V= 18.7653
correcting orbit for dark halo potential...
galaxy 1 moved to: ( -36.2206 | -16.8953 | 0 )
galaxy 2 moved to: ( 36.2206 | 16.8953 | -0 )
velocity galaxy 1: ( 66.1926 | 13.7676 | 0 )
velocity galaxy 2: ( -66.1926 | -13.7676 | -0 )

Galaxy 1 has Scalefactor = 21.0591
Galaxy 2 has Scalefactor = 21.0591
rdotstart = -26.9686
phidotstart = 7.05753e-05
r*phidotstart = 0.00776328
Relative V= 26.9751
correcting orbit for dark halo potential...
galaxy 1 moved to: ( -49.8929 | -22.9545 | 0 )
galaxy 2 moved to: ( 49.8929 | 22.9545 | -0 )
velocity galaxy 1: ( 92.3314 | 17.7617 | 0 )
velocity galaxy 2: ( -92.3314 | -17.7617 | -0 )

Galaxy 1 has Scalefactor = 40.2869
Galaxy 2 has Scalefactor = 40.2869
rdotstart = -51.5916
phidotstart = 7.21614e-05
r*phidotstart = 0.0108242
Relative V= 51.6045
correcting orbit for dark halo potential...
galaxy 1 moved to: ( -65.4943 | -36.4474 | 0 )
galaxy 2 moved to: ( 65.4943 | 36.4474 | -0 )
velocity galaxy 1: ( 205.959 | 44.1554 | 0 )
velocity galaxy 2: ( -205.959 | -44.1554 | -0 )

Galaxy 1 has Scalefactor = 58.5991
Galaxy 2 has Scalefactor = 58.5991
rdotstart = -75.045
phidotstart = 6.68955e-05
r*phidotstart = 0.0167239
Relative V= 75.0611
correcting orbit for dark halo potential...
galaxy 1 moved to: ( -113.089 | -53.1242 | 0 )
galaxy 2 moved to: ( 113.089 | 53.1242 | -0 )
velocity galaxy 1: ( 286.882 | 54.7306 | 0 )
velocity galaxy 2: ( -286.882 | -54.7306 | -0 )

Galaxy 1 has Scalefactor = 91.5611
Galaxy 2 has Scalefactor = 91.5611
rdotstart = -117.259
phidotstart = 6.55439e-05
r*phidotstart = 0.0229404
Relative V= 117.283
correcting orbit for dark halo potential...
galaxy 1 moved to: ( -157.119 | -76.8421 | 0 )
galaxy 2 moved to: ( 157.119 | 76.8421 | -0 )
velocity galaxy 1: ( 467.416 | 90.8015 | 0 )
velocity galaxy 2: ( -467.416 | -90.8015 | -0 )

Galaxy 1 has Scalefactor = 10.2548
Galaxy 2 has Scalefactor = 10.2548
rdotstart = -13.1325
phidotstart = 7.15143e-05
r*phidotstart = 0.00357571
Relative V= 13.1357
correcting orbit for dark halo potential...
galaxy 1 moved to: ( -22.7038 | -10.4004 | 0 )
galaxy 2 moved to: ( 22.7038 | 10.4004 | -0 )
velocity galaxy 1: ( 48.9571 | 9.37496 | 0 )
velocity galaxy 2: ( -48.9571 | -9.37496 | -0 )

Galaxy 1 has Scalefactor = 14.6498
Galaxy 2 has Scalefactor = 14.6498
rdotstart = -18.7604
phidotstart = 7.32803e-05
r*phidotstart = 0.00586242
Relative V= 18.7653
correcting orbit for dark halo potential...
galaxy 1 moved to: ( -36.2206 | -16.8953 | 0 )
galaxy 2 moved to: ( 36.2206 | 16.8953 | -0 )
velocity galaxy 1: ( 66.1926 | 13.7676 | 0 )
velocity galaxy 2: ( -66.1926 | -13.7676 | -0 )

Galaxy 1 has Scalefactor = 21.0591
Galaxy 2 has Scalefactor = 21.0591
rdotstart = -26.9686
phidotstart = 7.05753e-05
r*phidotstart = 0.00776328
Relative V= 26.9751
correcting orbit for dark halo potential...
galaxy 1 moved to: ( -49.8929 | -22.9545 | 0 )
galaxy 2 moved to: ( 49.8929 | 22.9545 | -0 )
velocity galaxy 1: ( 92.3314 | 17.7617 | 0 )
velocity galaxy 2: ( -92.3314 | -17.7617 | -0 )

Galaxy 1 has Scalefactor = 40.2869
Galaxy 2 has Scalefactor = 40.2869
rdotstart = -51.5916
phidotstart = 7.21614e-05
r*phidotstart = 0.0108242
Relative V= 51.6045
correcting orbit for dark halo potential...
galaxy 1 moved to: ( -65.4943 | -36.4474 | 0 )
galaxy 2 moved to: ( 65.4943 | 36.4474 | -0 )
velocity galaxy 1: ( 205.959 | 44.1554 | 0 )
velocity galaxy 2: ( -205.959 | -44.1554 | -0 )

Galaxy 1 has Scalefactor = 58.5991
Galaxy 2 has Scalefactor = 58.5991
rdotstart = -75.045
phidotstart = 6.68955e-05
r*phidotstart = 0.0167239
Relative V= 75.0611
correcting orbit for dark halo potential...
galaxy 1 moved to: ( -113.089 | -53.1242 | 0 )
galaxy 2 moved to: ( 113.089 | 53.1242 | -0 )
velocity galaxy 1: ( 286.882 | 54.7306 | 0 )
velocity galaxy 2: ( -286.882 | -54.7306 | -0 )

Galaxy 1 has Scalefactor = 91.5611
Galaxy 2 has Scalefactor = 91.5611
rdotstart = -117.259
phidotstart = 6.55439e-05
r*phidotstart = 0.0229404
Relative V= 117.283
correcting orbit for dark halo potential...
galaxy 1 moved to: ( -157.119 | -76.8421 | 0 )
galaxy 2 moved to: ( 157.119 | 76.8421 | -0 )
velocity galaxy 1: ( 467.416 | 90.8015 | 0 )
velocity galaxy 2: ( -467.416 | -90.8015 | -0 )




#
#  20% Gas mergers (e,h,k,f)
#  vc0-vc6
# -----------------------------------


Galaxy 1 has Scalefactor = 10.2548
Galaxy 2 has Scalefactor = 10.2548
rdotstart = -13.1325
phidotstart = 7.15143e-05
r*phidotstart = 0.00357571
Relative V= 13.1357
correcting orbit for dark halo potential...
galaxy 1 moved to: ( -22.7038 | -10.4004 | 0 )
galaxy 2 moved to: ( 22.7038 | 10.4004 | -0 )
velocity galaxy 1: ( 48.9571 | 9.37496 | 0 )
velocity galaxy 2: ( -48.9571 | -9.37496 | -0 )

Galaxy 1 has Scalefactor = 14.6498
Galaxy 2 has Scalefactor = 14.6498
rdotstart = -18.7604
phidotstart = 7.32803e-05
r*phidotstart = 0.00586242
Relative V= 18.7653
correcting orbit for dark halo potential...
galaxy 1 moved to: ( -36.2206 | -16.8953 | 0 )
galaxy 2 moved to: ( 36.2206 | 16.8953 | -0 )
velocity galaxy 1: ( 66.1926 | 13.7676 | 0 )
velocity galaxy 2: ( -66.1926 | -13.7676 | -0 )

Galaxy 1 has Scalefactor = 21.0591
Galaxy 2 has Scalefactor = 21.0591
rdotstart = -26.9686
phidotstart = 7.05753e-05
r*phidotstart = 0.00776328
Relative V= 26.9751
correcting orbit for dark halo potential...
galaxy 1 moved to: ( -49.8929 | -22.9545 | 0 )
galaxy 2 moved to: ( 49.8929 | 22.9545 | -0 )
velocity galaxy 1: ( 92.3314 | 17.7617 | 0 )
velocity galaxy 2: ( -92.3314 | -17.7617 | -0 )

Galaxy 1 has Scalefactor = 40.2869
Galaxy 2 has Scalefactor = 40.2869
rdotstart = -51.5916
phidotstart = 7.21614e-05
r*phidotstart = 0.0108242
Relative V= 51.6045
correcting orbit for dark halo potential...
galaxy 1 moved to: ( -65.4943 | -36.4474 | 0 )
galaxy 2 moved to: ( 65.4943 | 36.4474 | -0 )
velocity galaxy 1: ( 205.959 | 44.1554 | 0 )
velocity galaxy 2: ( -205.959 | -44.1554 | -0 )

Galaxy 1 has Scalefactor = 58.5991
Galaxy 2 has Scalefactor = 58.5991
rdotstart = -75.045
phidotstart = 6.68955e-05
r*phidotstart = 0.0167239
Relative V= 75.0611
correcting orbit for dark halo potential...
galaxy 1 moved to: ( -113.089 | -53.1242 | 0 )
galaxy 2 moved to: ( 113.089 | 53.1242 | -0 )
velocity galaxy 1: ( 286.882 | 54.7306 | 0 )
velocity galaxy 2: ( -286.882 | -54.7306 | -0 )

Galaxy 1 has Scalefactor = 91.5611
Galaxy 2 has Scalefactor = 91.5611
rdotstart = -117.259
phidotstart = 6.55439e-05
r*phidotstart = 0.0229404
Relative V= 117.283
correcting orbit for dark halo potential...
galaxy 1 moved to: ( -157.119 | -76.8421 | 0 )
galaxy 2 moved to: ( 157.119 | 76.8421 | -0 )
velocity galaxy 1: ( 467.416 | 90.8015 | 0 )
velocity galaxy 2: ( -467.416 | -90.8015 | -0 )

Galaxy 1 has Scalefactor = 10.2548
Galaxy 2 has Scalefactor = 10.2548
rdotstart = -13.1325
phidotstart = 7.15143e-05
r*phidotstart = 0.00357571
Relative V= 13.1357
correcting orbit for dark halo potential...
galaxy 1 moved to: ( -22.7038 | -10.4004 | 0 )
galaxy 2 moved to: ( 22.7038 | 10.4004 | -0 )
velocity galaxy 1: ( 48.9571 | 9.37496 | 0 )
velocity galaxy 2: ( -48.9571 | -9.37496 | -0 )

Galaxy 1 has Scalefactor = 14.6498
Galaxy 2 has Scalefactor = 14.6498
rdotstart = -18.7604
phidotstart = 7.32803e-05
r*phidotstart = 0.00586242
Relative V= 18.7653
correcting orbit for dark halo potential...
galaxy 1 moved to: ( -36.2206 | -16.8953 | 0 )
galaxy 2 moved to: ( 36.2206 | 16.8953 | -0 )
velocity galaxy 1: ( 66.1926 | 13.7676 | 0 )
velocity galaxy 2: ( -66.1926 | -13.7676 | -0 )

Galaxy 1 has Scalefactor = 21.0591
Galaxy 2 has Scalefactor = 21.0591
rdotstart = -26.9686
phidotstart = 7.05753e-05
r*phidotstart = 0.00776328
Relative V= 26.9751
correcting orbit for dark halo potential...
galaxy 1 moved to: ( -49.8929 | -22.9545 | 0 )
galaxy 2 moved to: ( 49.8929 | 22.9545 | -0 )
velocity galaxy 1: ( 92.3314 | 17.7617 | 0 )
velocity galaxy 2: ( -92.3314 | -17.7617 | -0 )

Galaxy 1 has Scalefactor = 40.2869
Galaxy 2 has Scalefactor = 40.2869
rdotstart = -51.5916
phidotstart = 7.21614e-05
r*phidotstart = 0.0108242
Relative V= 51.6045
correcting orbit for dark halo potential...
galaxy 1 moved to: ( -65.4943 | -36.4474 | 0 )
galaxy 2 moved to: ( 65.4943 | 36.4474 | -0 )
velocity galaxy 1: ( 205.959 | 44.1554 | 0 )
velocity galaxy 2: ( -205.959 | -44.1554 | -0 )

Galaxy 1 has Scalefactor = 58.5991
Galaxy 2 has Scalefactor = 58.5991
rdotstart = -75.045
phidotstart = 6.68955e-05
r*phidotstart = 0.0167239
Relative V= 75.0611
correcting orbit for dark halo potential...
galaxy 1 moved to: ( -113.089 | -53.1242 | 0 )
galaxy 2 moved to: ( 113.089 | 53.1242 | -0 )
velocity galaxy 1: ( 286.882 | 54.7306 | 0 )
velocity galaxy 2: ( -286.882 | -54.7306 | -0 )

Galaxy 1 has Scalefactor = 91.5611
Galaxy 2 has Scalefactor = 91.5611
rdotstart = -117.259
phidotstart = 6.55439e-05
r*phidotstart = 0.0229404
Relative V= 117.283
correcting orbit for dark halo potential...
galaxy 1 moved to: ( -157.119 | -76.8421 | 0 )
galaxy 2 moved to: ( 157.119 | 76.8421 | -0 )
velocity galaxy 1: ( 467.416 | 90.8015 | 0 )
velocity galaxy 2: ( -467.416 | -90.8015 | -0 )

Galaxy 1 has Scalefactor = 10.2548
Galaxy 2 has Scalefactor = 10.2548
rdotstart = -13.1325
phidotstart = 7.15143e-05
r*phidotstart = 0.00357571
Relative V= 13.1357
correcting orbit for dark halo potential...
galaxy 1 moved to: ( -22.7038 | -10.4004 | 0 )
galaxy 2 moved to: ( 22.7038 | 10.4004 | -0 )
velocity galaxy 1: ( 48.9571 | 9.37496 | 0 )
velocity galaxy 2: ( -48.9571 | -9.37496 | -0 )

Galaxy 1 has Scalefactor = 14.6498
Galaxy 2 has Scalefactor = 14.6498
rdotstart = -18.7604
phidotstart = 7.32803e-05
r*phidotstart = 0.00586242
Relative V= 18.7653
correcting orbit for dark halo potential...
galaxy 1 moved to: ( -36.2206 | -16.8953 | 0 )
galaxy 2 moved to: ( 36.2206 | 16.8953 | -0 )
velocity galaxy 1: ( 66.1926 | 13.7676 | 0 )
velocity galaxy 2: ( -66.1926 | -13.7676 | -0 )

Galaxy 1 has Scalefactor = 21.0591
Galaxy 2 has Scalefactor = 21.0591
rdotstart = -26.9686
phidotstart = 7.05753e-05
r*phidotstart = 0.00776328
Relative V= 26.9751
correcting orbit for dark halo potential...
galaxy 1 moved to: ( -49.8929 | -22.9545 | 0 )
galaxy 2 moved to: ( 49.8929 | 22.9545 | -0 )
velocity galaxy 1: ( 92.3314 | 17.7617 | 0 )
velocity galaxy 2: ( -92.3314 | -17.7617 | -0 )

Galaxy 1 has Scalefactor = 40.2869
Galaxy 2 has Scalefactor = 40.2869
rdotstart = -51.5916
phidotstart = 7.21614e-05
r*phidotstart = 0.0108242
Relative V= 51.6045
correcting orbit for dark halo potential...
galaxy 1 moved to: ( -65.4943 | -36.4474 | 0 )
galaxy 2 moved to: ( 65.4943 | 36.4474 | -0 )
velocity galaxy 1: ( 205.959 | 44.1554 | 0 )
velocity galaxy 2: ( -205.959 | -44.1554 | -0 )

Galaxy 1 has Scalefactor = 58.5991
Galaxy 2 has Scalefactor = 58.5991
rdotstart = -75.045
phidotstart = 6.68955e-05
r*phidotstart = 0.0167239
Relative V= 75.0611
correcting orbit for dark halo potential...
galaxy 1 moved to: ( -113.089 | -53.1242 | 0 )
galaxy 2 moved to: ( 113.089 | 53.1242 | -0 )
velocity galaxy 1: ( 286.882 | 54.7306 | 0 )
velocity galaxy 2: ( -286.882 | -54.7306 | -0 )

Galaxy 1 has Scalefactor = 91.5611
Galaxy 2 has Scalefactor = 91.5611
rdotstart = -117.259
phidotstart = 6.55439e-05
r*phidotstart = 0.0229404
Relative V= 117.283
correcting orbit for dark halo potential...
galaxy 1 moved to: ( -157.119 | -76.8421 | 0 )
galaxy 2 moved to: ( 157.119 | 76.8421 | -0 )
velocity galaxy 1: ( 467.416 | 90.8015 | 0 )
velocity galaxy 2: ( -467.416 | -90.8015 | -0 )

Galaxy 1 has Scalefactor = 10.2548
Galaxy 2 has Scalefactor = 10.2548
rdotstart = -13.1325
phidotstart = 7.15143e-05
r*phidotstart = 0.00357571
Relative V= 13.1357
correcting orbit for dark halo potential...
galaxy 1 moved to: ( -22.7038 | -10.4004 | 0 )
galaxy 2 moved to: ( 22.7038 | 10.4004 | -0 )
velocity galaxy 1: ( 48.9571 | 9.37496 | 0 )
velocity galaxy 2: ( -48.9571 | -9.37496 | -0 )

Galaxy 1 has Scalefactor = 14.6498
Galaxy 2 has Scalefactor = 14.6498
rdotstart = -18.7604
phidotstart = 7.32803e-05
r*phidotstart = 0.00586242
Relative V= 18.7653
correcting orbit for dark halo potential...
galaxy 1 moved to: ( -36.2206 | -16.8953 | 0 )
galaxy 2 moved to: ( 36.2206 | 16.8953 | -0 )
velocity galaxy 1: ( 66.1926 | 13.7676 | 0 )
velocity galaxy 2: ( -66.1926 | -13.7676 | -0 )

Galaxy 1 has Scalefactor = 21.0591
Galaxy 2 has Scalefactor = 21.0591
rdotstart = -26.9686
phidotstart = 7.05753e-05
r*phidotstart = 0.00776328
Relative V= 26.9751
correcting orbit for dark halo potential...
galaxy 1 moved to: ( -49.8929 | -22.9545 | 0 )
galaxy 2 moved to: ( 49.8929 | 22.9545 | -0 )
velocity galaxy 1: ( 92.3314 | 17.7617 | 0 )
velocity galaxy 2: ( -92.3314 | -17.7617 | -0 )

Galaxy 1 has Scalefactor = 40.2869
Galaxy 2 has Scalefactor = 40.2869
rdotstart = -51.5916
phidotstart = 7.21614e-05
r*phidotstart = 0.0108242
Relative V= 51.6045
correcting orbit for dark halo potential...
galaxy 1 moved to: ( -65.4943 | -36.4474 | 0 )
galaxy 2 moved to: ( 65.4943 | 36.4474 | -0 )
velocity galaxy 1: ( 205.959 | 44.1554 | 0 )
velocity galaxy 2: ( -205.959 | -44.1554 | -0 )

Galaxy 1 has Scalefactor = 58.5991
Galaxy 2 has Scalefactor = 58.5991
rdotstart = -75.045
phidotstart = 6.68955e-05
r*phidotstart = 0.0167239
Relative V= 75.0611
correcting orbit for dark halo potential...
galaxy 1 moved to: ( -113.089 | -53.1242 | 0 )
galaxy 2 moved to: ( 113.089 | 53.1242 | -0 )
velocity galaxy 1: ( 286.882 | 54.7306 | 0 )
velocity galaxy 2: ( -286.882 | -54.7306 | -0 )

Galaxy 1 has Scalefactor = 91.5611
Galaxy 2 has Scalefactor = 91.5611
rdotstart = -117.259
phidotstart = 6.55439e-05
r*phidotstart = 0.0229404
Relative V= 117.283
correcting orbit for dark halo potential...
galaxy 1 moved to: ( -157.119 | -76.8421 | 0 )
galaxy 2 moved to: ( 157.119 | 76.8421 | -0 )
velocity galaxy 1: ( 467.416 | 90.8015 | 0 )
velocity galaxy 2: ( -467.416 | -90.8015 | -0 )



# whoops, forgot the vc3's version
# of the above


Galaxy 1 has Scalefactor = 29.2996
Galaxy 2 has Scalefactor = 29.2996
rdotstart = -37.5241
phidotstart = 5.98331e-05
r*phidotstart = 0.00658164
Relative V= 37.5306
correcting orbit for dark halo potential...
galaxy 1 moved to: ( -50.2593 | -22.2809 | 0 )
galaxy 2 moved to: ( 50.2593 | 22.2809 | -0 )
velocity galaxy 1: ( 151.564 | 26.9229 | 0 )
velocity galaxy 2: ( -151.564 | -26.9229 | -0 )

Galaxy 1 has Scalefactor = 29.2996
Galaxy 2 has Scalefactor = 29.2996
rdotstart = -37.5241
phidotstart = 5.98331e-05
r*phidotstart = 0.00658164
Relative V= 37.5306
correcting orbit for dark halo potential...
galaxy 1 moved to: ( -50.2593 | -22.2809 | 0 )
galaxy 2 moved to: ( 50.2593 | 22.2809 | -0 )
velocity galaxy 1: ( 151.564 | 26.9229 | 0 )
velocity galaxy 2: ( -151.564 | -26.9229 | -0 )

Galaxy 1 has Scalefactor = 29.2996
Galaxy 2 has Scalefactor = 29.2996
rdotstart = -37.5241
phidotstart = 5.98331e-05
r*phidotstart = 0.00658164
Relative V= 37.5306
correcting orbit for dark halo potential...
galaxy 1 moved to: ( -50.2594 | -22.2809 | 0 )
galaxy 2 moved to: ( 50.2594 | 22.2809 | -0 )
velocity galaxy 1: ( 151.564 | 26.9229 | 0 )
velocity galaxy 2: ( -151.564 | -26.9229 | -0 )

Galaxy 1 has Scalefactor = 29.2996
Galaxy 2 has Scalefactor = 29.2996
rdotstart = -37.5241
phidotstart = 5.98331e-05
r*phidotstart = 0.00658164
Relative V= 37.5306
correcting orbit for dark halo potential...
galaxy 1 moved to: ( -50.2593 | -22.2809 | 0 )
galaxy 2 moved to: ( 50.2593 | 22.2809 | -0 )
velocity galaxy 1: ( 151.564 | 26.923 | 0 )
velocity galaxy 2: ( -151.564 | -26.923 | -0 )

